Start testing: Aug 06 21:26 EDT
----------------------------------------------------------
1/1 Testing: test_vector
1/1 Test: test_vector
Command: "/home/andpopov/work/IIIVstruct/build/tests/test_vector"
Directory: /home/andpopov/work/IIIVstruct/build/tests
"test_vector" start time: Aug 06 21:26 EDT
Output:
----------------------------------------------------------
<end of output>
Test time =   0.00 sec
----------------------------------------------------------
Test Passed.
"test_vector" end time: Aug 06 21:26 EDT
"test_vector" time elapsed: 00:00:00
----------------------------------------------------------

End testing: Aug 06 21:26 EDT
